Oct 12, 2018 10:00:48 AM org.apache.catalina.core.ApplicationContext log
INFO: ContextListener: contextInitialized()
Oct 12, 2018 10:00:48 AM org.apache.catalina.core.ApplicationContext log
INFO: SessionListener: contextInitialized()
Oct 12, 2018 10:00:48 AM org.apache.catalina.core.ApplicationContext log
INFO: ContextListener: attributeAdded('org.apache.jasper.compiler.TldLocationsCache', 'org.apache.jasper.compiler.TldLocationsCache@1af1f22f')
Oct 12, 2018 10:00:51 AM org.apache.catalina.core.ApplicationContext log
INFO: No Spring WebApplicationInitializer types detected on classpath
Oct 12, 2018 10:00:51 AM org.apache.catalina.core.ApplicationContext log
INFO: Initializing Spring root WebApplicationContext
Oct 12, 2018 10:01:52 AM org.apache.catalina.core.ApplicationContext log
INFO: No Spring WebApplicationInitializer types detected on classpath
Oct 12, 2018 10:01:52 AM org.apache.catalina.core.ApplicationContext log
INFO: Initializing Spring root WebApplicationContext
Oct 12, 2018 11:57:03 AM org.apache.catalina.core.ApplicationContext log
INFO: ContextListener: contextInitialized()
Oct 12, 2018 11:57:03 AM org.apache.catalina.core.ApplicationContext log
INFO: SessionListener: contextInitialized()
Oct 12, 2018 11:57:03 AM org.apache.catalina.core.ApplicationContext log
INFO: ContextListener: attributeAdded('org.apache.jasper.compiler.TldLocationsCache', 'org.apache.jasper.compiler.TldLocationsCache@48df8d50')
Oct 12, 2018 11:57:10 AM org.apache.catalina.core.ApplicationContext log
INFO: No Spring WebApplicationInitializer types detected on classpath
Oct 12, 2018 11:57:10 AM org.apache.catalina.core.ApplicationContext log
INFO: Initializing Spring root WebApplicationContext
Oct 12, 2018 11:57:43 AM org.apache.catalina.core.ApplicationContext log
INFO: No Spring WebApplicationInitializer types detected on classpath
Oct 12, 2018 11:57:43 AM org.apache.catalina.core.ApplicationContext log
INFO: Initializing Spring root WebApplicationContext
